<?xml version="1.0" encoding="UTF-8"?>
<testng-results ignored="0" total="1" passed="1" failed="0" skipped="0">
  <reporter-output>
  </reporter-output>
  <suite started-at="2024-11-18T20:56:50 IST" name="Suite" finished-at="2024-11-18T20:57:32 IST" duration-ms="42540">
    <groups>
    </groups>
    <test started-at="2024-11-18T20:56:50 IST" name="Test" finished-at="2024-11-18T20:57:32 IST" duration-ms="42540">
      <class name="package1.Project1.TestCase1">
        <test-method is-config="true" signature="launch()[pri:0, instance:package1.Project1.TestCase1@1fa268de]" started-at="2024-11-18T20:56:50 IST" name="launch" finished-at="2024-11-18T20:57:12 IST" duration-ms="22219" status="PASS">
          <reporter-output>
          </reporter-output>
        </test-method> <!-- launch -->
        <test-method signature="logintoamazon()[pri:0, instance:package1.Project1.TestCase1@1fa268de]" started-at="2024-11-18T20:57:12 IST" name="logintoamazon" finished-at="2024-11-18T20:57:31 IST" duration-ms="18870" status="PASS">
          <reporter-output>
          </reporter-output>
        </test-method> <!-- logintoamazon -->
        <test-method is-config="true" signature="quit()[pri:0, instance:package1.Project1.TestCase1@1fa268de]" started-at="2024-11-18T20:57:31 IST" name="quit" finished-at="2024-11-18T20:57:32 IST" duration-ms="1395" status="PASS">
          <reporter-output>
          </reporter-output>
        </test-method> <!-- quit -->
      </class> <!-- package1.Project1.TestCase1 -->
    </test> <!-- Test -->
  </suite> <!-- Suite -->
</testng-results>
