<?xml version="1.0" encoding="UTF-8"?>
<testng-results ignored="0" total="1" passed="1" failed="0" skipped="0">
  <reporter-output>
  </reporter-output>
  <suite started-at="2024-11-18T00:32:33 IST" name="Default suite" finished-at="2024-11-18T00:32:55 IST" duration-ms="21550">
    <groups>
    </groups>
    <test started-at="2024-11-18T00:32:33 IST" name="Default test" finished-at="2024-11-18T00:32:55 IST" duration-ms="21550">
      <class name="package1.Project1.TestCase1">
        <test-method is-config="true" signature="launch()[pri:0, instance:package1.Project1.TestCase1@4c402120]" started-at="2024-11-18T00:32:33 IST" name="launch" finished-at="2024-11-18T00:32:39 IST" duration-ms="5476" status="PASS">
          <reporter-output>
          </reporter-output>
        </test-method> <!-- launch -->
        <test-method signature="logintoamazon()[pri:0, instance:package1.Project1.TestCase1@4c402120]" started-at="2024-11-18T00:32:39 IST" name="logintoamazon" finished-at="2024-11-18T00:32:54 IST" duration-ms="14661" status="PASS">
          <reporter-output>
          </reporter-output>
        </test-method> <!-- logintoamazon -->
        <test-method is-config="true" signature="quit()[pri:0, instance:package1.Project1.TestCase1@4c402120]" started-at="2024-11-18T00:32:54 IST" name="quit" finished-at="2024-11-18T00:32:55 IST" duration-ms="1339" status="PASS">
          <reporter-output>
          </reporter-output>
        </test-method> <!-- quit -->
      </class> <!-- package1.Project1.TestCase1 -->
    </test> <!-- Default test -->
  </suite> <!-- Default suite -->
</testng-results>
